Started GET "/cats" for 127.0.0.1 at 2019-02-05 12:36:47 -0800

PG::ConnectionBad - FATAL:  database "reddit_development" does not exist
:

Started GET "/users" for 127.0.0.1 at 2019-02-05 12:36:50 -0800

PG::ConnectionBad - FATAL:  database "reddit_development" does not exist
:

Started POST "/__better_errors/eceec80eaa5122d7/variables" for 127.0.0.1 at 2019-02-05 12:36:51 -0800
  [1m[35m (356.9ms)[0m  [1m[35mCREATE DATABASE "reddit_development" ENCODING = 'unicode'[0m
  ↳ bin/rails:9
  [1m[35m (375.8ms)[0m  [1m[35mCREATE DATABASE "reddit_test" ENCODING = 'unicode'[0m
  ↳ bin/rails:9
Started GET "/users" for 127.0.0.1 at 2019-02-05 12:37:05 -0800
  
ActionController::RoutingError (No route matches [GET] "/users"):
  
actionpack (5.2.2) lib/action_dispatch/middleware/debug_exceptions.rb:65:in `call'
web-console (3.7.0) lib/web_console/middleware.rb:135:in `call_app'
web-console (3.7.0) lib/web_console/middleware.rb:30:in `block in call'
web-console (3.7.0) lib/web_console/middleware.rb:20:in `catch'
web-console (3.7.0) lib/web_console/middleware.rb:20:in `call'
actionpack (5.2.2) lib/action_dispatch/middleware/show_exceptions.rb:33:in `call'
railties (5.2.2) lib/rails/rack/logger.rb:38:in `call_app'
railties (5.2.2) lib/rails/rack/logger.rb:26:in `block in call'
activesupport (5.2.2) lib/active_support/tagged_logging.rb:71:in `block in tagged'
activesupport (5.2.2) lib/active_support/tagged_logging.rb:28:in `tagged'
activesupport (5.2.2) lib/active_support/tagged_logging.rb:71:in `tagged'
railties (5.2.2) lib/rails/rack/logger.rb:26:in `call'
sprockets-rails (3.2.1) lib/sprockets/rails/quiet_assets.rb:13:in `call'
actionpack (5.2.2) lib/action_dispatch/middleware/remote_ip.rb:81:in `call'
actionpack (5.2.2) lib/action_dispatch/middleware/request_id.rb:27:in `call'
rack (2.0.6) lib/rack/method_override.rb:22:in `call'
rack (2.0.6) lib/rack/runtime.rb:22:in `call'
activesupport (5.2.2) lib/active_support/cache/strategy/local_cache_middleware.rb:29:in `call'
actionpack (5.2.2) lib/action_dispatch/middleware/executor.rb:14:in `call'
actionpack (5.2.2) lib/action_dispatch/middleware/static.rb:127:in `call'
rack (2.0.6) lib/rack/sendfile.rb:111:in `call'
railties (5.2.2) lib/rails/engine.rb:524:in `call'
puma (3.12.0) lib/puma/configuration.rb:225:in `call'
puma (3.12.0) lib/puma/server.rb:658:in `handle_request'
puma (3.12.0) lib/puma/server.rb:472:in `process_client'
puma (3.12.0) lib/puma/server.rb:332:in `block in run'
puma (3.12.0) lib/puma/thread_pool.rb:133:in `block in spawn_thread'
  [1m[35m (51.9ms)[0m  [1m[35mCREATE TABLE "schema_migrations" ("version" character varying NOT NULL PRIMARY KEY)[0m
  ↳ bin/rails:9
  [1m[35m (47.2ms)[0m  [1m[35mCREATE TABLE "ar_internal_metadata" ("key" character varying NOT NULL PRIMARY KEY, "value" character varying, "created_at" timestamp NOT NULL, "updated_at" timestamp NOT NULL)[0m
  ↳ bin/rails:9
  [1m[35m (0.4ms)[0m  [1m[34mSELECT pg_try_advisory_lock(6223636644477694260)[0m
  ↳ bin/rails:9
  [1m[35m (0.6ms)[0m  [1m[34mSELECT "schema_migrations"."version" FROM "schema_migrations" ORDER BY "schema_migrations"."version" ASC[0m
  ↳ bin/rails:9
Migrating to CreateUsers (20190205203958)
  [1m[35m (0.1ms)[0m  [1m[35mBEGIN[0m
  ↳ bin/rails:9
  [1m[35m (46.4ms)[0m  [1m[35mCREATE TABLE "users" ("id" bigserial primary key, "username" character varying NOT NULL, "password_digest" character varying NOT NULL, "session_token" character varying NOT NULL)[0m
  ↳ db/migrate/20190205203958_create_users.rb:3
  [1m[36mActiveRecord::SchemaMigration Create (0.5ms)[0m  [1m[32mINSERT INTO "schema_migrations" ("version") VALUES ($1) RETURNING "version"[0m  [["version", "20190205203958"]]
  ↳ bin/rails:9
  [1m[35m (0.4ms)[0m  [1m[35mCOMMIT[0m
  ↳ bin/rails:9
  [1m[36mActiveRecord::InternalMetadata Load (0.4ms)[0m  [1m[34mSELECT  "ar_internal_metadata".* FROM "ar_internal_metadata" WHERE "ar_internal_metadata"."key" = $1 LIMIT $2[0m  [["key", "environment"], ["LIMIT", 1]]
  ↳ bin/rails:9
  [1m[35m (0.1ms)[0m  [1m[35mBEGIN[0m
  ↳ bin/rails:9
  [1m[36mActiveRecord::InternalMetadata Create (0.6ms)[0m  [1m[32mINSERT INTO "ar_internal_metadata" ("key", "value", "created_at", "updated_at") VALUES ($1, $2, $3, $4) RETURNING "key"[0m  [["key", "environment"], ["value", "development"], ["created_at", "2019-02-05 20:40:29.576762"], ["updated_at", "2019-02-05 20:40:29.576762"]]
  ↳ bin/rails:9
  [1m[35m (39.7ms)[0m  [1m[35mCOMMIT[0m
  ↳ bin/rails:9
  [1m[35m (0.4ms)[0m  [1m[34mSELECT pg_advisory_unlock(6223636644477694260)[0m
  ↳ bin/rails:9
  [1m[35m (0.3ms)[0m  [1m[34mSELECT "schema_migrations"."version" FROM "schema_migrations" ORDER BY "schema_migrations"."version" ASC[0m
  ↳ bin/rails:9
  [1m[35m (0.2ms)[0m  [1m[34mSELECT pg_try_advisory_lock(6223636644477694260)[0m
  ↳ bin/rails:9
  [1m[35m (0.6ms)[0m  [1m[34mSELECT "schema_migrations"."version" FROM "schema_migrations" ORDER BY "schema_migrations"."version" ASC[0m
  ↳ bin/rails:9
Migrating to AddIndexAndUnique (20190205204105)
  [1m[35m (0.1ms)[0m  [1m[35mBEGIN[0m
  ↳ bin/rails:9
  [1m[35m (40.9ms)[0m  [1m[35mCREATE UNIQUE INDEX  "index_users_on_username" ON "users"  ("username")[0m
  ↳ db/migrate/20190205204105_add_index_and_unique.rb:3
  [1m[35m (2.7ms)[0m  [1m[35mCREATE UNIQUE INDEX  "index_users_on_session_token" ON "users"  ("session_token")[0m
  ↳ db/migrate/20190205204105_add_index_and_unique.rb:4
  [1m[36mActiveRecord::SchemaMigration Create (0.3ms)[0m  [1m[32mINSERT INTO "schema_migrations" ("version") VALUES ($1) RETURNING "version"[0m  [["version", "20190205204105"]]
  ↳ bin/rails:9
  [1m[35m (0.5ms)[0m  [1m[35mCOMMIT[0m
  ↳ bin/rails:9
  [1m[36mActiveRecord::InternalMetadata Load (0.4ms)[0m  [1m[34mSELECT  "ar_internal_metadata".* FROM "ar_internal_metadata" WHERE "ar_internal_metadata"."key" = $1 LIMIT $2[0m  [["key", "environment"], ["LIMIT", 1]]
  ↳ bin/rails:9
  [1m[35m (0.1ms)[0m  [1m[35mBEGIN[0m
  ↳ bin/rails:9
  [1m[35m (0.1ms)[0m  [1m[35mCOMMIT[0m
  ↳ bin/rails:9
  [1m[35m (0.2ms)[0m  [1m[34mSELECT pg_advisory_unlock(6223636644477694260)[0m
  ↳ bin/rails:9
  [1m[35m (0.2ms)[0m  [1m[34mSELECT "schema_migrations"."version" FROM "schema_migrations" ORDER BY "schema_migrations"."version" ASC[0m
  ↳ bin/rails:9
  [1m[35m (0.7ms)[0m  [1m[34mSELECT "schema_migrations"."version" FROM "schema_migrations" ORDER BY "schema_migrations"."version" ASC[0m
  ↳ /Users/grady/.rbenv/versions/2.5.1/bin/annotate:23
Started GET "/users" for 127.0.0.1 at 2019-02-05 12:57:00 -0800
  [1m[35m (1.8ms)[0m  [1m[34mSELECT "schema_migrations"."version" FROM "schema_migrations" ORDER BY "schema_migrations"."version" ASC[0m
  ↳ /Users/grady/.rbenv/versions/2.5.1/lib/ruby/gems/2.5.0/gems/activerecord-5.2.2/lib/active_record/log_subscriber.rb:98
  
ActionController::RoutingError (No route matches [GET] "/users"):
  
actionpack (5.2.2) lib/action_dispatch/middleware/debug_exceptions.rb:65:in `call'
web-console (3.7.0) lib/web_console/middleware.rb:135:in `call_app'
web-console (3.7.0) lib/web_console/middleware.rb:30:in `block in call'
web-console (3.7.0) lib/web_console/middleware.rb:20:in `catch'
web-console (3.7.0) lib/web_console/middleware.rb:20:in `call'
actionpack (5.2.2) lib/action_dispatch/middleware/show_exceptions.rb:33:in `call'
railties (5.2.2) lib/rails/rack/logger.rb:38:in `call_app'
railties (5.2.2) lib/rails/rack/logger.rb:26:in `block in call'
activesupport (5.2.2) lib/active_support/tagged_logging.rb:71:in `block in tagged'
activesupport (5.2.2) lib/active_support/tagged_logging.rb:28:in `tagged'
activesupport (5.2.2) lib/active_support/tagged_logging.rb:71:in `tagged'
railties (5.2.2) lib/rails/rack/logger.rb:26:in `call'
sprockets-rails (3.2.1) lib/sprockets/rails/quiet_assets.rb:13:in `call'
actionpack (5.2.2) lib/action_dispatch/middleware/remote_ip.rb:81:in `call'
actionpack (5.2.2) lib/action_dispatch/middleware/request_id.rb:27:in `call'
rack (2.0.6) lib/rack/method_override.rb:22:in `call'
rack (2.0.6) lib/rack/runtime.rb:22:in `call'
activesupport (5.2.2) lib/active_support/cache/strategy/local_cache_middleware.rb:29:in `call'
actionpack (5.2.2) lib/action_dispatch/middleware/executor.rb:14:in `call'
actionpack (5.2.2) lib/action_dispatch/middleware/static.rb:127:in `call'
rack (2.0.6) lib/rack/sendfile.rb:111:in `call'
railties (5.2.2) lib/rails/engine.rb:524:in `call'
puma (3.12.0) lib/puma/configuration.rb:225:in `call'
puma (3.12.0) lib/puma/server.rb:658:in `handle_request'
puma (3.12.0) lib/puma/server.rb:472:in `process_client'
puma (3.12.0) lib/puma/server.rb:332:in `block in run'
puma (3.12.0) lib/puma/thread_pool.rb:133:in `block in spawn_thread'
Started GET "/users" for 127.0.0.1 at 2019-02-05 13:07:53 -0800

SyntaxError - syntax error, unexpected end-of-input:
  app/controllers/application_controller.rb:25:in `'
  app/controllers/users_controller.rb:2:in `<main>'

Started POST "/__better_errors/0f47c21d02190d05/variables" for 127.0.0.1 at 2019-02-05 13:07:53 -0800
Started GET "/users" for 127.0.0.1 at 2019-02-05 13:08:18 -0800

AbstractController::ActionNotFound - The action 'index' could not be found for UsersController:

Started POST "/__better_errors/4df6949b4b17cd25/variables" for 127.0.0.1 at 2019-02-05 13:08:18 -0800
Started GET "/users" for 127.0.0.1 at 2019-02-05 13:08:27 -0800
Processing by UsersController#index as HTML
Completed 406 Not Acceptable in 102ms (ActiveRecord: 0.0ms)



ActionController::UnknownFormat - UsersController#index is missing a template for this request format and variant.

request.formats: ["text/html"]
request.variant: []

NOTE! For XHR/Ajax or API requests, this action would normally respond with 204 No Content: an empty white screen. Since you're loading it in a web browser, we assume that you expected to actually render a template, not nothing, so we're showing an error to be extra-clear. If you expect 204 No Content, carry on. That's what you'll get from an XHR or API request. Give it a shot.:

Started POST "/__better_errors/23dd8397a22297de/variables" for 127.0.0.1 at 2019-02-05 13:08:27 -0800
Started GET "/users" for 127.0.0.1 at 2019-02-05 13:08:45 -0800
Processing by UsersController#index as HTML
  Rendering users/index.html.erb within layouts/application
  Rendered users/index.html.erb within layouts/application (0.3ms)
Completed 200 OK in 488ms (Views: 484.6ms | ActiveRecord: 0.0ms)


Started GET "/users" for 127.0.0.1 at 2019-02-05 13:11:04 -0800
Processing by UsersController#index as HTML
Completed 500 Internal Server Error in 2ms (ActiveRecord: 0.0ms)



NoMethodError - undefined method `all' for nil:NilClass:
  app/controllers/users_controller.rb:8:in `index'

Started POST "/__better_errors/79aba7f7f1e80dda/variables" for 127.0.0.1 at 2019-02-05 13:11:05 -0800
Started GET "/session/new" for 127.0.0.1 at 2019-02-05 13:11:07 -0800
  
ActionController::RoutingError (No route matches [GET] "/session/new"):
  
actionpack (5.2.2) lib/action_dispatch/middleware/debug_exceptions.rb:65:in `call'
web-console (3.7.0) lib/web_console/middleware.rb:135:in `call_app'
web-console (3.7.0) lib/web_console/middleware.rb:30:in `block in call'
web-console (3.7.0) lib/web_console/middleware.rb:20:in `catch'
web-console (3.7.0) lib/web_console/middleware.rb:20:in `call'
actionpack (5.2.2) lib/action_dispatch/middleware/show_exceptions.rb:33:in `call'
railties (5.2.2) lib/rails/rack/logger.rb:38:in `call_app'
railties (5.2.2) lib/rails/rack/logger.rb:26:in `block in call'
activesupport (5.2.2) lib/active_support/tagged_logging.rb:71:in `block in tagged'
activesupport (5.2.2) lib/active_support/tagged_logging.rb:28:in `tagged'
activesupport (5.2.2) lib/active_support/tagged_logging.rb:71:in `tagged'
railties (5.2.2) lib/rails/rack/logger.rb:26:in `call'
sprockets-rails (3.2.1) lib/sprockets/rails/quiet_assets.rb:13:in `call'
actionpack (5.2.2) lib/action_dispatch/middleware/remote_ip.rb:81:in `call'
actionpack (5.2.2) lib/action_dispatch/middleware/request_id.rb:27:in `call'
rack (2.0.6) lib/rack/method_override.rb:22:in `call'
rack (2.0.6) lib/rack/runtime.rb:22:in `call'
activesupport (5.2.2) lib/active_support/cache/strategy/local_cache_middleware.rb:29:in `call'
actionpack (5.2.2) lib/action_dispatch/middleware/executor.rb:14:in `call'
actionpack (5.2.2) lib/action_dispatch/middleware/static.rb:127:in `call'
rack (2.0.6) lib/rack/sendfile.rb:111:in `call'
railties (5.2.2) lib/rails/engine.rb:524:in `call'
puma (3.12.0) lib/puma/configuration.rb:225:in `call'
puma (3.12.0) lib/puma/server.rb:658:in `handle_request'
puma (3.12.0) lib/puma/server.rb:472:in `process_client'
puma (3.12.0) lib/puma/server.rb:332:in `block in run'
puma (3.12.0) lib/puma/thread_pool.rb:133:in `block in spawn_thread'
Started GET "/subs" for 127.0.0.1 at 2019-02-05 13:11:08 -0800

NameError - uninitialized constant SubsController:

Started POST "/__better_errors/027bad0e89b3babd/variables" for 127.0.0.1 at 2019-02-05 13:11:08 -0800
Started GET "/subs" for 127.0.0.1 at 2019-02-05 13:11:26 -0800

AbstractController::ActionNotFound - The action 'index' could not be found for SubsController:

Started POST "/__better_errors/ff14a9cdb2cc64a1/variables" for 127.0.0.1 at 2019-02-05 13:11:26 -0800
Started GET "/subs" for 127.0.0.1 at 2019-02-05 13:12:06 -0800
Processing by SubsController#index as HTML
Completed 406 Not Acceptable in 96ms (ActiveRecord: 0.0ms)



ActionController::UnknownFormat - SubsController#index is missing a template for this request format and variant.

request.formats: ["text/html"]
request.variant: []

NOTE! For XHR/Ajax or API requests, this action would normally respond with 204 No Content: an empty white screen. Since you're loading it in a web browser, we assume that you expected to actually render a template, not nothing, so we're showing an error to be extra-clear. If you expect 204 No Content, carry on. That's what you'll get from an XHR or API request. Give it a shot.:

Started POST "/__better_errors/e1cc66b592b47687/variables" for 127.0.0.1 at 2019-02-05 13:12:06 -0800
Started GET "/subs" for 127.0.0.1 at 2019-02-05 13:12:44 -0800
Processing by SubsController#index as HTML
  Rendering subs/index.html.erb within layouts/application
  Rendered subs/index.html.erb within layouts/application (0.4ms)
Completed 200 OK in 91ms (Views: 87.4ms | ActiveRecord: 0.0ms)


Started GET "/users" for 127.0.0.1 at 2019-02-05 13:22:17 -0800
Processing by UsersController#index as HTML
  Rendering users/index.html.erb within layouts/application
  Rendered users/index.html.erb within layouts/application (0.3ms)
Completed 200 OK in 30ms (Views: 24.9ms | ActiveRecord: 0.0ms)


Started GET "/users" for 127.0.0.1 at 2019-02-05 13:22:53 -0800
Processing by UsersController#index as HTML
  Rendering users/index.html.erb within layouts/application
  Rendered users/index.html.erb within layouts/application (0.3ms)
Completed 200 OK in 22ms (Views: 19.2ms | ActiveRecord: 0.0ms)


Started GET "/new_user" for 127.0.0.1 at 2019-02-05 13:23:49 -0800
  
ActionController::RoutingError (No route matches [GET] "/new_user"):
  
actionpack (5.2.2) lib/action_dispatch/middleware/debug_exceptions.rb:65:in `call'
web-console (3.7.0) lib/web_console/middleware.rb:135:in `call_app'
web-console (3.7.0) lib/web_console/middleware.rb:30:in `block in call'
web-console (3.7.0) lib/web_console/middleware.rb:20:in `catch'
web-console (3.7.0) lib/web_console/middleware.rb:20:in `call'
actionpack (5.2.2) lib/action_dispatch/middleware/show_exceptions.rb:33:in `call'
railties (5.2.2) lib/rails/rack/logger.rb:38:in `call_app'
railties (5.2.2) lib/rails/rack/logger.rb:26:in `block in call'
activesupport (5.2.2) lib/active_support/tagged_logging.rb:71:in `block in tagged'
activesupport (5.2.2) lib/active_support/tagged_logging.rb:28:in `tagged'
activesupport (5.2.2) lib/active_support/tagged_logging.rb:71:in `tagged'
railties (5.2.2) lib/rails/rack/logger.rb:26:in `call'
sprockets-rails (3.2.1) lib/sprockets/rails/quiet_assets.rb:13:in `call'
actionpack (5.2.2) lib/action_dispatch/middleware/remote_ip.rb:81:in `call'
actionpack (5.2.2) lib/action_dispatch/middleware/request_id.rb:27:in `call'
rack (2.0.6) lib/rack/method_override.rb:22:in `call'
rack (2.0.6) lib/rack/runtime.rb:22:in `call'
activesupport (5.2.2) lib/active_support/cache/strategy/local_cache_middleware.rb:29:in `call'
actionpack (5.2.2) lib/action_dispatch/middleware/executor.rb:14:in `call'
actionpack (5.2.2) lib/action_dispatch/middleware/static.rb:127:in `call'
rack (2.0.6) lib/rack/sendfile.rb:111:in `call'
railties (5.2.2) lib/rails/engine.rb:524:in `call'
puma (3.12.0) lib/puma/configuration.rb:225:in `call'
puma (3.12.0) lib/puma/server.rb:658:in `handle_request'
puma (3.12.0) lib/puma/server.rb:472:in `process_client'
puma (3.12.0) lib/puma/server.rb:332:in `block in run'
puma (3.12.0) lib/puma/thread_pool.rb:133:in `block in spawn_thread'
Started GET "/users/new" for 127.0.0.1 at 2019-02-05 13:24:25 -0800
Processing by UsersController#new as HTML
  Rendering users/new.html.erb within layouts/application
  Rendered users/new.html.erb within layouts/application (0.4ms)
Completed 200 OK in 21ms (Views: 20.4ms | ActiveRecord: 0.0ms)


Started GET "/users/new" for 127.0.0.1 at 2019-02-05 13:25:37 -0800
Processing by UsersController#new as HTML
  Rendering users/new.html.erb within layouts/application
  Rendered users/new.html.erb within layouts/application (0.3ms)
Completed 200 OK in 17ms (Views: 16.8ms | ActiveRecord: 0.0ms)


Started GET "/users/new" for 127.0.0.1 at 2019-02-05 13:26:08 -0800
Processing by UsersController#new as HTML
  Rendering users/new.html.erb within layouts/application
  Rendered users/new.html.erb within layouts/application (0.4ms)
Completed 200 OK in 20ms (Views: 19.6ms | ActiveRecord: 0.0ms)


Started GET "/users/new" for 127.0.0.1 at 2019-02-05 13:27:24 -0800
Processing by UsersController#new as HTML
  Rendering users/new.html.erb within layouts/application
  Rendered users/new.html.erb within layouts/application (0.3ms)
Completed 200 OK in 19ms (Views: 18.5ms | ActiveRecord: 0.0ms)


Started GET "/users/new" for 127.0.0.1 at 2019-02-05 13:27:48 -0800
Processing by UsersController#new as HTML
  Rendering users/new.html.erb within layouts/application
  Rendered users/new.html.erb within layouts/application (0.3ms)
Completed 200 OK in 19ms (Views: 18.8ms | ActiveRecord: 0.0ms)


Started GET "/users/new" for 127.0.0.1 at 2019-02-05 13:27:53 -0800
Processing by UsersController#new as HTML
  Rendering users/new.html.erb within layouts/application
  Rendered users/new.html.erb within layouts/application (0.3ms)
Completed 200 OK in 20ms (Views: 20.0ms | ActiveRecord: 0.0ms)


Started GET "/users/new" for 127.0.0.1 at 2019-02-05 13:28:04 -0800
Processing by UsersController#new as HTML
  Rendering users/new.html.erb within layouts/application
  Rendered users/new.html.erb within layouts/application (0.3ms)
Completed 200 OK in 19ms (Views: 18.4ms | ActiveRecord: 0.0ms)


Started GET "/users/new" for 127.0.0.1 at 2019-02-05 13:29:08 -0800
Processing by UsersController#new as HTML
  Rendering users/new.html.erb within layouts/application
  Rendered users/new.html.erb within layouts/application (0.3ms)
Completed 200 OK in 20ms (Views: 20.0ms | ActiveRecord: 0.0ms)


Started GET "/users/new" for 127.0.0.1 at 2019-02-05 13:29:28 -0800
Processing by UsersController#new as HTML
  Rendering users/new.html.erb within layouts/application
  Rendered users/new.html.erb within layouts/application (0.3ms)
Completed 200 OK in 20ms (Views: 19.8ms | ActiveRecord: 0.0ms)


Started GET "/users/new" for 127.0.0.1 at 2019-02-05 13:29:35 -0800
Processing by UsersController#new as HTML
  Rendering users/new.html.erb within layouts/application
  Rendered users/new.html.erb within layouts/application (0.3ms)
Completed 200 OK in 21ms (Views: 20.6ms | ActiveRecord: 0.0ms)


Started GET "/users/new" for 127.0.0.1 at 2019-02-05 13:29:42 -0800
Processing by UsersController#new as HTML
  Rendering users/new.html.erb within layouts/application
  Rendered users/new.html.erb within layouts/application (0.3ms)
Completed 200 OK in 21ms (Views: 20.4ms | ActiveRecord: 0.0ms)


Started GET "/users/new" for 127.0.0.1 at 2019-02-05 13:29:44 -0800
Processing by UsersController#new as HTML
  Rendering users/new.html.erb within layouts/application
  Rendered users/new.html.erb within layouts/application (0.3ms)
Completed 200 OK in 21ms (Views: 20.7ms | ActiveRecord: 0.0ms)


Started GET "/users/new_session_url" for 127.0.0.1 at 2019-02-05 13:30:18 -0800
Processing by UsersController#show as HTML
  Parameters: {"id"=>"new_session_url"}
Started GET "/users/new_session_url" for 127.0.0.1 at 2019-02-05 13:30:19 -0800
  [1m[36mUser Load (42.2ms)[0m  [1m[34mSELECT  "users".* FROM "users" WHERE "users"."id" = $1 LIMIT $2[0m  [["id", 0], ["LIMIT", 1]]
  ↳ app/controllers/users_controller.rb:39
Completed 404 Not Found in 81ms (ActiveRecord: 63.1ms)



ActiveRecord::RecordNotFound - Couldn't find User with 'id'=new_session_url:
  app/controllers/users_controller.rb:39:in `show'

Processing by UsersController#show as HTML
  Parameters: {"id"=>"new_session_url"}
  [1m[36mUser Load (1.0ms)[0m  [1m[34mSELECT  "users".* FROM "users" WHERE "users"."id" = $1 LIMIT $2[0m  [["id", 0], ["LIMIT", 1]]
  ↳ app/controllers/users_controller.rb:39
Completed 404 Not Found in 8ms (ActiveRecord: 5.7ms)



ActiveRecord::RecordNotFound - Couldn't find User with 'id'=new_session_url:
  app/controllers/users_controller.rb:39:in `show'

Started POST "/__better_errors/391df3fd4314ebd9/variables" for 127.0.0.1 at 2019-02-05 13:30:19 -0800
Started GET "/users/new" for 127.0.0.1 at 2019-02-05 13:30:20 -0800
Processing by UsersController#new as HTML
  Rendering users/new.html.erb within layouts/application
  Rendered users/new.html.erb within layouts/application (0.3ms)
Completed 200 OK in 35ms (Views: 34.7ms | ActiveRecord: 0.0ms)


Started GET "/users/new_session_url" for 127.0.0.1 at 2019-02-05 13:33:38 -0800
Processing by UsersController#show as HTML
  Parameters: {"id"=>"new_session_url"}
  [1m[36mUser Load (0.2ms)[0m  [1m[34mSELECT  "users".* FROM "users" WHERE "users"."id" = $1 LIMIT $2[0m  [["id", 0], ["LIMIT", 1]]
  ↳ app/controllers/users_controller.rb:39
Completed 404 Not Found in 11ms (ActiveRecord: 7.2ms)



ActiveRecord::RecordNotFound - Couldn't find User with 'id'=new_session_url:
  app/controllers/users_controller.rb:39:in `show'

Started POST "/__better_errors/f5b63d7851895f06/variables" for 127.0.0.1 at 2019-02-05 13:33:38 -0800
Started GET "/users/new_session_url" for 127.0.0.1 at 2019-02-05 13:34:19 -0800
Processing by UsersController#show as HTML
  Parameters: {"id"=>"new_session_url"}
  [1m[36mUser Load (0.4ms)[0m  [1m[34mSELECT  "users".* FROM "users" WHERE "users"."id" = $1 LIMIT $2[0m  [["id", 0], ["LIMIT", 1]]
  ↳ app/controllers/users_controller.rb:39
Completed 404 Not Found in 3ms (ActiveRecord: 0.4ms)



ActiveRecord::RecordNotFound - Couldn't find User with 'id'=new_session_url:
  app/controllers/users_controller.rb:39:in `show'

Started POST "/__better_errors/e3bfb5dd1c2fe964/variables" for 127.0.0.1 at 2019-02-05 13:34:19 -0800
Started GET "/users/new_session_url" for 127.0.0.1 at 2019-02-05 13:35:03 -0800
Processing by UsersController#show as HTML
  Parameters: {"id"=>"new_session_url"}
  [1m[36mUser Load (0.3ms)[0m  [1m[34mSELECT  "users".* FROM "users" WHERE "users"."id" = $1 LIMIT $2[0m  [["id", 0], ["LIMIT", 1]]
  ↳ app/controllers/users_controller.rb:39
Completed 404 Not Found in 10ms (ActiveRecord: 6.9ms)



ActiveRecord::RecordNotFound - Couldn't find User with 'id'=new_session_url:
  app/controllers/users_controller.rb:39:in `show'

Started POST "/__better_errors/4a98962985fc329c/variables" for 127.0.0.1 at 2019-02-05 13:35:03 -0800
Started GET "/users/new_session_url" for 127.0.0.1 at 2019-02-05 13:36:53 -0800
Processing by UsersController#show as HTML
  Parameters: {"id"=>"new_session_url"}
  [1m[36mUser Load (0.3ms)[0m  [1m[34mSELECT  "users".* FROM "users" WHERE "users"."id" = $1 LIMIT $2[0m  [["id", 0], ["LIMIT", 1]]
  ↳ app/controllers/users_controller.rb:39
Completed 404 Not Found in 9ms (ActiveRecord: 5.7ms)



ActiveRecord::RecordNotFound - Couldn't find User with 'id'=new_session_url:
  app/controllers/users_controller.rb:39:in `show'

Started POST "/__better_errors/642bdf248d270263/variables" for 127.0.0.1 at 2019-02-05 13:36:53 -0800
Started GET "/users/session/new" for 127.0.0.1 at 2019-02-05 13:38:09 -0800
  
ActionController::RoutingError (No route matches [GET] "/users/session/new"):
  
actionpack (5.2.2) lib/action_dispatch/middleware/debug_exceptions.rb:65:in `call'
web-console (3.7.0) lib/web_console/middleware.rb:135:in `call_app'
web-console (3.7.0) lib/web_console/middleware.rb:30:in `block in call'
web-console (3.7.0) lib/web_console/middleware.rb:20:in `catch'
web-console (3.7.0) lib/web_console/middleware.rb:20:in `call'
actionpack (5.2.2) lib/action_dispatch/middleware/show_exceptions.rb:33:in `call'
railties (5.2.2) lib/rails/rack/logger.rb:38:in `call_app'
railties (5.2.2) lib/rails/rack/logger.rb:26:in `block in call'
activesupport (5.2.2) lib/active_support/tagged_logging.rb:71:in `block in tagged'
activesupport (5.2.2) lib/active_support/tagged_logging.rb:28:in `tagged'
activesupport (5.2.2) lib/active_support/tagged_logging.rb:71:in `tagged'
railties (5.2.2) lib/rails/rack/logger.rb:26:in `call'
sprockets-rails (3.2.1) lib/sprockets/rails/quiet_assets.rb:13:in `call'
actionpack (5.2.2) lib/action_dispatch/middleware/remote_ip.rb:81:in `call'
actionpack (5.2.2) lib/action_dispatch/middleware/request_id.rb:27:in `call'
rack (2.0.6) lib/rack/method_override.rb:22:in `call'
rack (2.0.6) lib/rack/runtime.rb:22:in `call'
activesupport (5.2.2) lib/active_support/cache/strategy/local_cache_middleware.rb:29:in `call'
actionpack (5.2.2) lib/action_dispatch/middleware/executor.rb:14:in `call'
actionpack (5.2.2) lib/action_dispatch/middleware/static.rb:127:in `call'
rack (2.0.6) lib/rack/sendfile.rb:111:in `call'
railties (5.2.2) lib/rails/engine.rb:524:in `call'
puma (3.12.0) lib/puma/configuration.rb:225:in `call'
puma (3.12.0) lib/puma/server.rb:658:in `handle_request'
puma (3.12.0) lib/puma/server.rb:472:in `process_client'
puma (3.12.0) lib/puma/server.rb:332:in `block in run'
puma (3.12.0) lib/puma/thread_pool.rb:133:in `block in spawn_thread'
Started GET "/session/new" for 127.0.0.1 at 2019-02-05 13:38:25 -0800
Processing by SessionsController#new as HTML
  Rendering sessions/new.html.erb within layouts/application
  Rendered sessions/new.html.erb within layouts/application (0.4ms)
Completed 200 OK in 74ms (Views: 71.6ms | ActiveRecord: 0.0ms)


Started GET "/session/new" for 127.0.0.1 at 2019-02-05 13:38:32 -0800
Processing by SessionsController#new as HTML
  Rendering sessions/new.html.erb within layouts/application
  Rendered sessions/new.html.erb within layouts/application (0.3ms)
Completed 200 OK in 40ms (Views: 37.5ms | ActiveRecord: 0.0ms)


Started GET "/session/new" for 127.0.0.1 at 2019-02-05 13:40:41 -0800
Processing by SessionsController#new as HTML
  Rendering sessions/new.html.erb within layouts/application
  Rendered sessions/new.html.erb within layouts/application (0.3ms)
Completed 200 OK in 28ms (Views: 25.3ms | ActiveRecord: 0.0ms)


Started GET "/session/new" for 127.0.0.1 at 2019-02-05 13:42:03 -0800
Processing by SessionsController#new as HTML
  Rendering sessions/new.html.erb within layouts/application
  Rendered sessions/new.html.erb within layouts/application (0.3ms)
Completed 200 OK in 27ms (Views: 23.4ms | ActiveRecord: 0.0ms)


Started GET "/users" for 127.0.0.1 at 2019-02-05 13:42:24 -0800
Processing by UsersController#index as HTML
  Rendering users/index.html.erb within layouts/application
  Rendered users/index.html.erb within layouts/application (0.4ms)
Completed 200 OK in 31ms (Views: 27.1ms | ActiveRecord: 0.0ms)


Started GET "/users/new" for 127.0.0.1 at 2019-02-05 13:42:28 -0800
Processing by UsersController#new as HTML
  Rendering users/new.html.erb within layouts/application
  Rendered users/new.html.erb within layouts/application (0.5ms)
Completed 200 OK in 25ms (Views: 24.1ms | ActiveRecord: 0.0ms)


Started GET "/session/new" for 127.0.0.1 at 2019-02-05 13:43:00 -0800
Processing by SessionsController#new as HTML
  Rendering sessions/new.html.erb within layouts/application
  Rendered sessions/new.html.erb within layouts/application (0.3ms)
Completed 200 OK in 26ms (Views: 23.6ms | ActiveRecord: 0.0ms)


Started GET "/session/new" for 127.0.0.1 at 2019-02-05 13:44:18 -0800
Processing by SessionsController#new as HTML
  Rendering sessions/new.html.erb within layouts/application
  Rendered sessions/new.html.erb within layouts/application (0.5ms)
Completed 200 OK in 24ms (Views: 21.9ms | ActiveRecord: 0.0ms)


Started GET "/users/new" for 127.0.0.1 at 2019-02-05 13:44:20 -0800
Processing by UsersController#new as HTML
  Rendering users/new.html.erb within layouts/application
  Rendered users/new.html.erb within layouts/application (1.2ms)
Completed 200 OK in 50ms (Views: 48.8ms | ActiveRecord: 0.0ms)


Started GET "/session/new" for 127.0.0.1 at 2019-02-05 13:44:21 -0800
Processing by SessionsController#new as HTML
  Rendering sessions/new.html.erb within layouts/application
  Rendered sessions/new.html.erb within layouts/application (0.6ms)
Completed 200 OK in 51ms (Views: 47.5ms | ActiveRecord: 0.0ms)


Started GET "/users/new" for 127.0.0.1 at 2019-02-05 13:44:22 -0800
Processing by UsersController#new as HTML
  Rendering users/new.html.erb within layouts/application
  Rendered users/new.html.erb within layouts/application (0.9ms)
Completed 200 OK in 53ms (Views: 52.1ms | ActiveRecord: 0.0ms)


Started GET "/session/new" for 127.0.0.1 at 2019-02-05 13:44:22 -0800
Processing by SessionsController#new as HTML
  Rendering sessions/new.html.erb within layouts/application
  Rendered sessions/new.html.erb within layouts/application (0.6ms)
Completed 200 OK in 43ms (Views: 39.1ms | ActiveRecord: 0.0ms)


Started GET "/users/new" for 127.0.0.1 at 2019-02-05 13:44:23 -0800
Processing by UsersController#new as HTML
  Rendering users/new.html.erb within layouts/application
  Rendered users/new.html.erb within layouts/application (0.6ms)
Completed 200 OK in 41ms (Views: 40.7ms | ActiveRecord: 0.0ms)


Started GET "/session/new" for 127.0.0.1 at 2019-02-05 13:44:23 -0800
Processing by SessionsController#new as HTML
  Rendering sessions/new.html.erb within layouts/application
  Rendered sessions/new.html.erb within layouts/application (0.7ms)
Completed 200 OK in 53ms (Views: 49.9ms | ActiveRecord: 0.0ms)


Started GET "/users/new" for 127.0.0.1 at 2019-02-05 13:44:24 -0800
Processing by UsersController#new as HTML
  Rendering users/new.html.erb within layouts/application
  Rendered users/new.html.erb within layouts/application (0.7ms)
Completed 200 OK in 49ms (Views: 48.1ms | ActiveRecord: 0.0ms)


Started GET "/session/new" for 127.0.0.1 at 2019-02-05 13:44:24 -0800
Processing by SessionsController#new as HTML
  Rendering sessions/new.html.erb within layouts/application
  Rendered sessions/new.html.erb within layouts/application (0.5ms)
Completed 200 OK in 58ms (Views: 54.1ms | ActiveRecord: 0.0ms)


Started GET "/users/new" for 127.0.0.1 at 2019-02-05 13:44:25 -0800
Processing by UsersController#new as HTML
  Rendering users/new.html.erb within layouts/application
  Rendered users/new.html.erb within layouts/application (0.6ms)
Completed 200 OK in 43ms (Views: 42.2ms | ActiveRecord: 0.0ms)


Started GET "/session/new" for 127.0.0.1 at 2019-02-05 13:44:25 -0800
Processing by SessionsController#new as HTML
  Rendering sessions/new.html.erb within layouts/application
  Rendered sessions/new.html.erb within layouts/application (0.5ms)
Completed 200 OK in 41ms (Views: 37.5ms | ActiveRecord: 0.0ms)


Started GET "/users/new" for 127.0.0.1 at 2019-02-05 13:44:26 -0800
Processing by UsersController#new as HTML
  Rendering users/new.html.erb within layouts/application
  Rendered users/new.html.erb within layouts/application (0.6ms)
Completed 200 OK in 39ms (Views: 38.1ms | ActiveRecord: 0.0ms)


Started GET "/session/new" for 127.0.0.1 at 2019-02-05 13:44:27 -0800
Processing by SessionsController#new as HTML
  Rendering sessions/new.html.erb within layouts/application
  Rendered sessions/new.html.erb within layouts/application (0.7ms)
Completed 200 OK in 41ms (Views: 37.5ms | ActiveRecord: 0.0ms)


Started GET "/users/new" for 127.0.0.1 at 2019-02-05 13:44:28 -0800
Processing by UsersController#new as HTML
  Rendering users/new.html.erb within layouts/application
  Rendered users/new.html.erb within layouts/application (0.7ms)
Completed 200 OK in 42ms (Views: 41.1ms | ActiveRecord: 0.0ms)


Started GET "/session/new" for 127.0.0.1 at 2019-02-05 13:44:28 -0800
Processing by SessionsController#new as HTML
  Rendering sessions/new.html.erb within layouts/application
  Rendered sessions/new.html.erb within layouts/application (0.8ms)
Completed 200 OK in 39ms (Views: 35.1ms | ActiveRecord: 0.0ms)


Started GET "/users/new" for 127.0.0.1 at 2019-02-05 13:44:29 -0800
Processing by UsersController#new as HTML
  Rendering users/new.html.erb within layouts/application
  Rendered users/new.html.erb within layouts/application (0.6ms)
Completed 200 OK in 44ms (Views: 43.0ms | ActiveRecord: 0.0ms)


Started GET "/session/new" for 127.0.0.1 at 2019-02-05 13:44:29 -0800
Processing by SessionsController#new as HTML
  Rendering sessions/new.html.erb within layouts/application
  Rendered sessions/new.html.erb within layouts/application (0.6ms)
Completed 200 OK in 40ms (Views: 37.0ms | ActiveRecord: 0.0ms)


Started GET "/users/new" for 127.0.0.1 at 2019-02-05 13:44:30 -0800
Processing by UsersController#new as HTML
  Rendering users/new.html.erb within layouts/application
  Rendered users/new.html.erb within layouts/application (0.6ms)
Completed 200 OK in 40ms (Views: 39.0ms | ActiveRecord: 0.0ms)


Started GET "/session/new" for 127.0.0.1 at 2019-02-05 13:44:30 -0800
Processing by SessionsController#new as HTML
  Rendering sessions/new.html.erb within layouts/application
  Rendered sessions/new.html.erb within layouts/application (0.5ms)
Completed 200 OK in 43ms (Views: 39.3ms | ActiveRecord: 0.0ms)


Started GET "/users/new" for 127.0.0.1 at 2019-02-05 13:44:31 -0800
Processing by UsersController#new as HTML
  Rendering users/new.html.erb within layouts/application
  Rendered users/new.html.erb within layouts/application (0.7ms)
Completed 200 OK in 41ms (Views: 40.5ms | ActiveRecord: 0.0ms)


Started GET "/session/new" for 127.0.0.1 at 2019-02-05 13:44:32 -0800
Processing by SessionsController#new as HTML
  Rendering sessions/new.html.erb within layouts/application
  Rendered sessions/new.html.erb within layouts/application (0.6ms)
Completed 200 OK in 47ms (Views: 42.9ms | ActiveRecord: 0.0ms)


Started GET "/users/new" for 127.0.0.1 at 2019-02-05 13:44:33 -0800
Processing by UsersController#new as HTML
  Rendering users/new.html.erb within layouts/application
  Rendered users/new.html.erb within layouts/application (0.6ms)
Completed 200 OK in 64ms (Views: 63.0ms | ActiveRecord: 0.0ms)


Started GET "/session/new" for 127.0.0.1 at 2019-02-05 13:44:35 -0800
Processing by SessionsController#new as HTML
  Rendering sessions/new.html.erb within layouts/application
  Rendered sessions/new.html.erb within layouts/application (0.6ms)
Completed 200 OK in 40ms (Views: 36.6ms | ActiveRecord: 0.0ms)


Started GET "/users/new" for 127.0.0.1 at 2019-02-05 13:44:36 -0800
Processing by UsersController#new as HTML
  Rendering users/new.html.erb within layouts/application
  Rendered users/new.html.erb within layouts/application (0.5ms)
Completed 200 OK in 34ms (Views: 33.8ms | ActiveRecord: 0.0ms)


Started GET "/session/new" for 127.0.0.1 at 2019-02-05 13:44:36 -0800
Processing by SessionsController#new as HTML
  Rendering sessions/new.html.erb within layouts/application
  Rendered sessions/new.html.erb within layouts/application (0.4ms)
Completed 200 OK in 40ms (Views: 36.7ms | ActiveRecord: 0.0ms)


Started GET "/users/new" for 127.0.0.1 at 2019-02-05 13:44:37 -0800
Processing by UsersController#new as HTML
  Rendering users/new.html.erb within layouts/application
  Rendered users/new.html.erb within layouts/application (0.6ms)
Completed 200 OK in 41ms (Views: 40.2ms | ActiveRecord: 0.0ms)


Started GET "/session/new" for 127.0.0.1 at 2019-02-05 13:44:37 -0800
Processing by SessionsController#new as HTML
  Rendering sessions/new.html.erb within layouts/application
  Rendered sessions/new.html.erb within layouts/application (0.7ms)
Completed 200 OK in 41ms (Views: 38.0ms | ActiveRecord: 0.0ms)


Started GET "/session/new" for 127.0.0.1 at 2019-02-05 13:44:47 -0800
Processing by SessionsController#new as HTML
  Rendering sessions/new.html.erb within layouts/application
  Rendered sessions/new.html.erb within layouts/application (0.4ms)
Completed 200 OK in 24ms (Views: 21.7ms | ActiveRecord: 0.0ms)


Started GET "/session/new" for 127.0.0.1 at 2019-02-05 13:44:56 -0800
Processing by SessionsController#new as HTML
  Rendering sessions/new.html.erb within layouts/application
  Rendered sessions/new.html.erb within layouts/application (0.5ms)
Completed 200 OK in 22ms (Views: 19.4ms | ActiveRecord: 0.0ms)


Started GET "/users/new" for 127.0.0.1 at 2019-02-05 13:44:58 -0800
Processing by UsersController#new as HTML
  Rendering users/new.html.erb within layouts/application
  Rendered users/new.html.erb within layouts/application (0.5ms)
Completed 200 OK in 32ms (Views: 31.1ms | ActiveRecord: 0.0ms)


Started GET "/users/new" for 127.0.0.1 at 2019-02-05 13:45:15 -0800
Processing by UsersController#new as HTML
  Rendering users/new.html.erb within layouts/application
  Rendered users/new.html.erb within layouts/application (0.4ms)
Completed 200 OK in 22ms (Views: 21.6ms | ActiveRecord: 0.0ms)


Started GET "/session/new" for 127.0.0.1 at 2019-02-05 13:45:19 -0800
Processing by SessionsController#new as HTML
  Rendering sessions/new.html.erb within layouts/application
  Rendered sessions/new.html.erb within layouts/application (0.7ms)
Completed 200 OK in 34ms (Views: 30.8ms | ActiveRecord: 0.0ms)


Started GET "/users/new" for 127.0.0.1 at 2019-02-05 13:45:21 -0800
Processing by UsersController#new as HTML
  Rendering users/new.html.erb within layouts/application
  Rendered users/new.html.erb within layouts/application (0.8ms)
Completed 200 OK in 41ms (Views: 39.8ms | ActiveRecord: 0.0ms)


Started GET "/session/new" for 127.0.0.1 at 2019-02-05 13:45:22 -0800
Processing by SessionsController#new as HTML
  Rendering sessions/new.html.erb within layouts/application
  Rendered sessions/new.html.erb within layouts/application (0.7ms)
Completed 200 OK in 44ms (Views: 40.8ms | ActiveRecord: 0.0ms)


Started GET "/users/new" for 127.0.0.1 at 2019-02-05 13:45:44 -0800
Processing by UsersController#new as HTML
  Rendering users/new.html.erb within layouts/application
  Rendered users/new.html.erb within layouts/application (0.7ms)
Completed 200 OK in 42ms (Views: 41.0ms | ActiveRecord: 0.0ms)


Started GET "/users/new" for 127.0.0.1 at 2019-02-05 13:45:49 -0800
Processing by UsersController#new as HTML
  Rendering users/new.html.erb within layouts/application
  Rendered users/new.html.erb within layouts/application (0.4ms)
Completed 200 OK in 28ms (Views: 27.2ms | ActiveRecord: 0.0ms)


Started GET "/session/new" for 127.0.0.1 at 2019-02-05 13:45:50 -0800
Processing by SessionsController#new as HTML
  Rendering sessions/new.html.erb within layouts/application
  Rendered sessions/new.html.erb within layouts/application (0.8ms)
Completed 200 OK in 36ms (Views: 33.2ms | ActiveRecord: 0.0ms)


Started GET "/users/new" for 127.0.0.1 at 2019-02-05 13:45:51 -0800
Processing by UsersController#new as HTML
  Rendering users/new.html.erb within layouts/application
  Rendered users/new.html.erb within layouts/application (0.8ms)
Completed 200 OK in 38ms (Views: 37.0ms | ActiveRecord: 0.0ms)


Started GET "/session/new" for 127.0.0.1 at 2019-02-05 13:45:51 -0800
Processing by SessionsController#new as HTML
  Rendering sessions/new.html.erb within layouts/application
  Rendered sessions/new.html.erb within layouts/application (0.7ms)
Completed 200 OK in 39ms (Views: 36.2ms | ActiveRecord: 0.0ms)


Started GET "/users/new" for 127.0.0.1 at 2019-02-05 13:45:52 -0800
Processing by UsersController#new as HTML
  Rendering users/new.html.erb within layouts/application
  Rendered users/new.html.erb within layouts/application (0.6ms)
Completed 200 OK in 36ms (Views: 35.8ms | ActiveRecord: 0.0ms)


Started GET "/session/new" for 127.0.0.1 at 2019-02-05 13:45:52 -0800
Processing by SessionsController#new as HTML
  Rendering sessions/new.html.erb within layouts/application
  Rendered sessions/new.html.erb within layouts/application (0.7ms)
Completed 200 OK in 38ms (Views: 34.9ms | ActiveRecord: 0.0ms)


Started GET "/users/new" for 127.0.0.1 at 2019-02-05 13:45:53 -0800
Processing by UsersController#new as HTML
  Rendering users/new.html.erb within layouts/application
  Rendered users/new.html.erb within layouts/application (0.6ms)
Completed 200 OK in 37ms (Views: 36.8ms | ActiveRecord: 0.0ms)


Started GET "/session/new" for 127.0.0.1 at 2019-02-05 13:45:53 -0800
Processing by SessionsController#new as HTML
  Rendering sessions/new.html.erb within layouts/application
  Rendered sessions/new.html.erb within layouts/application (0.6ms)
Completed 200 OK in 37ms (Views: 33.5ms | ActiveRecord: 0.0ms)


Started GET "/users/new" for 127.0.0.1 at 2019-02-05 13:45:55 -0800
Processing by UsersController#new as HTML
  Rendering users/new.html.erb within layouts/application
  Rendered users/new.html.erb within layouts/application (0.6ms)
Completed 200 OK in 41ms (Views: 40.6ms | ActiveRecord: 0.0ms)


Started GET "/users/new" for 127.0.0.1 at 2019-02-05 13:46:03 -0800
Processing by UsersController#new as HTML
  Rendering users/new.html.erb within layouts/application
  Rendered users/new.html.erb within layouts/application (0.5ms)
Completed 200 OK in 21ms (Views: 20.9ms | ActiveRecord: 0.0ms)


Started POST "/users/users_url" for 127.0.0.1 at 2019-02-05 13:46:47 -0800
  
ActionController::RoutingError (No route matches [POST] "/users/users_url"):
  
actionpack (5.2.2) lib/action_dispatch/middleware/debug_exceptions.rb:65:in `call'
web-console (3.7.0) lib/web_console/middleware.rb:135:in `call_app'
web-console (3.7.0) lib/web_console/middleware.rb:30:in `block in call'
web-console (3.7.0) lib/web_console/middleware.rb:20:in `catch'
web-console (3.7.0) lib/web_console/middleware.rb:20:in `call'
actionpack (5.2.2) lib/action_dispatch/middleware/show_exceptions.rb:33:in `call'
railties (5.2.2) lib/rails/rack/logger.rb:38:in `call_app'
railties (5.2.2) lib/rails/rack/logger.rb:26:in `block in call'
activesupport (5.2.2) lib/active_support/tagged_logging.rb:71:in `block in tagged'
activesupport (5.2.2) lib/active_support/tagged_logging.rb:28:in `tagged'
activesupport (5.2.2) lib/active_support/tagged_logging.rb:71:in `tagged'
railties (5.2.2) lib/rails/rack/logger.rb:26:in `call'
sprockets-rails (3.2.1) lib/sprockets/rails/quiet_assets.rb:13:in `call'
actionpack (5.2.2) lib/action_dispatch/middleware/remote_ip.rb:81:in `call'
actionpack (5.2.2) lib/action_dispatch/middleware/request_id.rb:27:in `call'
rack (2.0.6) lib/rack/method_override.rb:22:in `call'
rack (2.0.6) lib/rack/runtime.rb:22:in `call'
activesupport (5.2.2) lib/active_support/cache/strategy/local_cache_middleware.rb:29:in `call'
actionpack (5.2.2) lib/action_dispatch/middleware/executor.rb:14:in `call'
actionpack (5.2.2) lib/action_dispatch/middleware/static.rb:127:in `call'
rack (2.0.6) lib/rack/sendfile.rb:111:in `call'
railties (5.2.2) lib/rails/engine.rb:524:in `call'
puma (3.12.0) lib/puma/configuration.rb:225:in `call'
puma (3.12.0) lib/puma/server.rb:658:in `handle_request'
puma (3.12.0) lib/puma/server.rb:472:in `process_client'
puma (3.12.0) lib/puma/server.rb:332:in `block in run'
puma (3.12.0) lib/puma/thread_pool.rb:133:in `block in spawn_thread'
Started POST "/users/users_url" for 127.0.0.1 at 2019-02-05 13:47:34 -0800
  
ActionController::RoutingError (No route matches [POST] "/users/users_url"):
  
actionpack (5.2.2) lib/action_dispatch/middleware/debug_exceptions.rb:65:in `call'
web-console (3.7.0) lib/web_console/middleware.rb:135:in `call_app'
web-console (3.7.0) lib/web_console/middleware.rb:30:in `block in call'
web-console (3.7.0) lib/web_console/middleware.rb:20:in `catch'
web-console (3.7.0) lib/web_console/middleware.rb:20:in `call'
actionpack (5.2.2) lib/action_dispatch/middleware/show_exceptions.rb:33:in `call'
railties (5.2.2) lib/rails/rack/logger.rb:38:in `call_app'
railties (5.2.2) lib/rails/rack/logger.rb:26:in `block in call'
activesupport (5.2.2) lib/active_support/tagged_logging.rb:71:in `block in tagged'
activesupport (5.2.2) lib/active_support/tagged_logging.rb:28:in `tagged'
activesupport (5.2.2) lib/active_support/tagged_logging.rb:71:in `tagged'
railties (5.2.2) lib/rails/rack/logger.rb:26:in `call'
sprockets-rails (3.2.1) lib/sprockets/rails/quiet_assets.rb:13:in `call'
actionpack (5.2.2) lib/action_dispatch/middleware/remote_ip.rb:81:in `call'
actionpack (5.2.2) lib/action_dispatch/middleware/request_id.rb:27:in `call'
rack (2.0.6) lib/rack/method_override.rb:22:in `call'
rack (2.0.6) lib/rack/runtime.rb:22:in `call'
activesupport (5.2.2) lib/active_support/cache/strategy/local_cache_middleware.rb:29:in `call'
actionpack (5.2.2) lib/action_dispatch/middleware/executor.rb:14:in `call'
actionpack (5.2.2) lib/action_dispatch/middleware/static.rb:127:in `call'
rack (2.0.6) lib/rack/sendfile.rb:111:in `call'
railties (5.2.2) lib/rails/engine.rb:524:in `call'
puma (3.12.0) lib/puma/configuration.rb:225:in `call'
puma (3.12.0) lib/puma/server.rb:658:in `handle_request'
puma (3.12.0) lib/puma/server.rb:472:in `process_client'
puma (3.12.0) lib/puma/server.rb:332:in `block in run'
puma (3.12.0) lib/puma/thread_pool.rb:133:in `block in spawn_thread'
Started POST "/users/users_url" for 127.0.0.1 at 2019-02-05 13:48:01 -0800
  
ActionController::RoutingError (No route matches [POST] "/users/users_url"):
  
actionpack (5.2.2) lib/action_dispatch/middleware/debug_exceptions.rb:65:in `call'
web-console (3.7.0) lib/web_console/middleware.rb:135:in `call_app'
web-console (3.7.0) lib/web_console/middleware.rb:30:in `block in call'
web-console (3.7.0) lib/web_console/middleware.rb:20:in `catch'
web-console (3.7.0) lib/web_console/middleware.rb:20:in `call'
actionpack (5.2.2) lib/action_dispatch/middleware/show_exceptions.rb:33:in `call'
railties (5.2.2) lib/rails/rack/logger.rb:38:in `call_app'
railties (5.2.2) lib/rails/rack/logger.rb:26:in `block in call'
activesupport (5.2.2) lib/active_support/tagged_logging.rb:71:in `block in tagged'
activesupport (5.2.2) lib/active_support/tagged_logging.rb:28:in `tagged'
activesupport (5.2.2) lib/active_support/tagged_logging.rb:71:in `tagged'
railties (5.2.2) lib/rails/rack/logger.rb:26:in `call'
sprockets-rails (3.2.1) lib/sprockets/rails/quiet_assets.rb:13:in `call'
actionpack (5.2.2) lib/action_dispatch/middleware/remote_ip.rb:81:in `call'
actionpack (5.2.2) lib/action_dispatch/middleware/request_id.rb:27:in `call'
rack (2.0.6) lib/rack/method_override.rb:22:in `call'
rack (2.0.6) lib/rack/runtime.rb:22:in `call'
activesupport (5.2.2) lib/active_support/cache/strategy/local_cache_middleware.rb:29:in `call'
actionpack (5.2.2) lib/action_dispatch/middleware/executor.rb:14:in `call'
actionpack (5.2.2) lib/action_dispatch/middleware/static.rb:127:in `call'
rack (2.0.6) lib/rack/sendfile.rb:111:in `call'
railties (5.2.2) lib/rails/engine.rb:524:in `call'
puma (3.12.0) lib/puma/configuration.rb:225:in `call'
puma (3.12.0) lib/puma/server.rb:658:in `handle_request'
puma (3.12.0) lib/puma/server.rb:472:in `process_client'
puma (3.12.0) lib/puma/server.rb:332:in `block in run'
puma (3.12.0) lib/puma/thread_pool.rb:133:in `block in spawn_thread'
Started POST "/users/users_url" for 127.0.0.1 at 2019-02-05 13:48:30 -0800
  
ActionController::RoutingError (No route matches [POST] "/users/users_url"):
  
actionpack (5.2.2) lib/action_dispatch/middleware/debug_exceptions.rb:65:in `call'
web-console (3.7.0) lib/web_console/middleware.rb:135:in `call_app'
web-console (3.7.0) lib/web_console/middleware.rb:30:in `block in call'
web-console (3.7.0) lib/web_console/middleware.rb:20:in `catch'
web-console (3.7.0) lib/web_console/middleware.rb:20:in `call'
actionpack (5.2.2) lib/action_dispatch/middleware/show_exceptions.rb:33:in `call'
railties (5.2.2) lib/rails/rack/logger.rb:38:in `call_app'
railties (5.2.2) lib/rails/rack/logger.rb:26:in `block in call'
activesupport (5.2.2) lib/active_support/tagged_logging.rb:71:in `block in tagged'
activesupport (5.2.2) lib/active_support/tagged_logging.rb:28:in `tagged'
activesupport (5.2.2) lib/active_support/tagged_logging.rb:71:in `tagged'
railties (5.2.2) lib/rails/rack/logger.rb:26:in `call'
sprockets-rails (3.2.1) lib/sprockets/rails/quiet_assets.rb:13:in `call'
actionpack (5.2.2) lib/action_dispatch/middleware/remote_ip.rb:81:in `call'
actionpack (5.2.2) lib/action_dispatch/middleware/request_id.rb:27:in `call'
rack (2.0.6) lib/rack/method_override.rb:22:in `call'
rack (2.0.6) lib/rack/runtime.rb:22:in `call'
activesupport (5.2.2) lib/active_support/cache/strategy/local_cache_middleware.rb:29:in `call'
actionpack (5.2.2) lib/action_dispatch/middleware/executor.rb:14:in `call'
actionpack (5.2.2) lib/action_dispatch/middleware/static.rb:127:in `call'
rack (2.0.6) lib/rack/sendfile.rb:111:in `call'
railties (5.2.2) lib/rails/engine.rb:524:in `call'
puma (3.12.0) lib/puma/configuration.rb:225:in `call'
puma (3.12.0) lib/puma/server.rb:658:in `handle_request'
puma (3.12.0) lib/puma/server.rb:472:in `process_client'
puma (3.12.0) lib/puma/server.rb:332:in `block in run'
puma (3.12.0) lib/puma/thread_pool.rb:133:in `block in spawn_thread'
Started POST "/users/users_url" for 127.0.0.1 at 2019-02-05 13:50:24 -0800
  
ActionController::RoutingError (No route matches [POST] "/users/users_url"):
  
actionpack (5.2.2) lib/action_dispatch/middleware/debug_exceptions.rb:65:in `call'
web-console (3.7.0) lib/web_console/middleware.rb:135:in `call_app'
web-console (3.7.0) lib/web_console/middleware.rb:30:in `block in call'
web-console (3.7.0) lib/web_console/middleware.rb:20:in `catch'
web-console (3.7.0) lib/web_console/middleware.rb:20:in `call'
actionpack (5.2.2) lib/action_dispatch/middleware/show_exceptions.rb:33:in `call'
railties (5.2.2) lib/rails/rack/logger.rb:38:in `call_app'
railties (5.2.2) lib/rails/rack/logger.rb:26:in `block in call'
activesupport (5.2.2) lib/active_support/tagged_logging.rb:71:in `block in tagged'
activesupport (5.2.2) lib/active_support/tagged_logging.rb:28:in `tagged'
activesupport (5.2.2) lib/active_support/tagged_logging.rb:71:in `tagged'
railties (5.2.2) lib/rails/rack/logger.rb:26:in `call'
sprockets-rails (3.2.1) lib/sprockets/rails/quiet_assets.rb:13:in `call'
actionpack (5.2.2) lib/action_dispatch/middleware/remote_ip.rb:81:in `call'
actionpack (5.2.2) lib/action_dispatch/middleware/request_id.rb:27:in `call'
rack (2.0.6) lib/rack/method_override.rb:22:in `call'
rack (2.0.6) lib/rack/runtime.rb:22:in `call'
activesupport (5.2.2) lib/active_support/cache/strategy/local_cache_middleware.rb:29:in `call'
actionpack (5.2.2) lib/action_dispatch/middleware/executor.rb:14:in `call'
actionpack (5.2.2) lib/action_dispatch/middleware/static.rb:127:in `call'
rack (2.0.6) lib/rack/sendfile.rb:111:in `call'
railties (5.2.2) lib/rails/engine.rb:524:in `call'
puma (3.12.0) lib/puma/configuration.rb:225:in `call'
puma (3.12.0) lib/puma/server.rb:658:in `handle_request'
puma (3.12.0) lib/puma/server.rb:472:in `process_client'
puma (3.12.0) lib/puma/server.rb:332:in `block in run'
puma (3.12.0) lib/puma/thread_pool.rb:133:in `block in spawn_thread'
Started POST "/users/users_url" for 127.0.0.1 at 2019-02-05 13:52:38 -0800
  
ActionController::RoutingError (No route matches [POST] "/users/users_url"):
  
actionpack (5.2.2) lib/action_dispatch/middleware/debug_exceptions.rb:65:in `call'
web-console (3.7.0) lib/web_console/middleware.rb:135:in `call_app'
web-console (3.7.0) lib/web_console/middleware.rb:30:in `block in call'
web-console (3.7.0) lib/web_console/middleware.rb:20:in `catch'
web-console (3.7.0) lib/web_console/middleware.rb:20:in `call'
actionpack (5.2.2) lib/action_dispatch/middleware/show_exceptions.rb:33:in `call'
railties (5.2.2) lib/rails/rack/logger.rb:38:in `call_app'
railties (5.2.2) lib/rails/rack/logger.rb:26:in `block in call'
activesupport (5.2.2) lib/active_support/tagged_logging.rb:71:in `block in tagged'
activesupport (5.2.2) lib/active_support/tagged_logging.rb:28:in `tagged'
activesupport (5.2.2) lib/active_support/tagged_logging.rb:71:in `tagged'
railties (5.2.2) lib/rails/rack/logger.rb:26:in `call'
sprockets-rails (3.2.1) lib/sprockets/rails/quiet_assets.rb:13:in `call'
actionpack (5.2.2) lib/action_dispatch/middleware/remote_ip.rb:81:in `call'
actionpack (5.2.2) lib/action_dispatch/middleware/request_id.rb:27:in `call'
rack (2.0.6) lib/rack/method_override.rb:22:in `call'
rack (2.0.6) lib/rack/runtime.rb:22:in `call'
activesupport (5.2.2) lib/active_support/cache/strategy/local_cache_middleware.rb:29:in `call'
actionpack (5.2.2) lib/action_dispatch/middleware/executor.rb:14:in `call'
actionpack (5.2.2) lib/action_dispatch/middleware/static.rb:127:in `call'
rack (2.0.6) lib/rack/sendfile.rb:111:in `call'
railties (5.2.2) lib/rails/engine.rb:524:in `call'
puma (3.12.0) lib/puma/configuration.rb:225:in `call'
puma (3.12.0) lib/puma/server.rb:658:in `handle_request'
puma (3.12.0) lib/puma/server.rb:472:in `process_client'
puma (3.12.0) lib/puma/server.rb:332:in `block in run'
puma (3.12.0) lib/puma/thread_pool.rb:133:in `block in spawn_thread'
Started POST "/users/users_url" for 127.0.0.1 at 2019-02-05 13:54:56 -0800
  
ActionController::RoutingError (No route matches [POST] "/users/users_url"):
  
actionpack (5.2.2) lib/action_dispatch/middleware/debug_exceptions.rb:65:in `call'
web-console (3.7.0) lib/web_console/middleware.rb:135:in `call_app'
web-console (3.7.0) lib/web_console/middleware.rb:30:in `block in call'
web-console (3.7.0) lib/web_console/middleware.rb:20:in `catch'
web-console (3.7.0) lib/web_console/middleware.rb:20:in `call'
actionpack (5.2.2) lib/action_dispatch/middleware/show_exceptions.rb:33:in `call'
railties (5.2.2) lib/rails/rack/logger.rb:38:in `call_app'
railties (5.2.2) lib/rails/rack/logger.rb:26:in `block in call'
activesupport (5.2.2) lib/active_support/tagged_logging.rb:71:in `block in tagged'
activesupport (5.2.2) lib/active_support/tagged_logging.rb:28:in `tagged'
activesupport (5.2.2) lib/active_support/tagged_logging.rb:71:in `tagged'
railties (5.2.2) lib/rails/rack/logger.rb:26:in `call'
sprockets-rails (3.2.1) lib/sprockets/rails/quiet_assets.rb:13:in `call'
actionpack (5.2.2) lib/action_dispatch/middleware/remote_ip.rb:81:in `call'
actionpack (5.2.2) lib/action_dispatch/middleware/request_id.rb:27:in `call'
rack (2.0.6) lib/rack/method_override.rb:22:in `call'
rack (2.0.6) lib/rack/runtime.rb:22:in `call'
activesupport (5.2.2) lib/active_support/cache/strategy/local_cache_middleware.rb:29:in `call'
actionpack (5.2.2) lib/action_dispatch/middleware/executor.rb:14:in `call'
actionpack (5.2.2) lib/action_dispatch/middleware/static.rb:127:in `call'
rack (2.0.6) lib/rack/sendfile.rb:111:in `call'
railties (5.2.2) lib/rails/engine.rb:524:in `call'
puma (3.12.0) lib/puma/configuration.rb:225:in `call'
puma (3.12.0) lib/puma/server.rb:658:in `handle_request'
puma (3.12.0) lib/puma/server.rb:472:in `process_client'
puma (3.12.0) lib/puma/server.rb:332:in `block in run'
puma (3.12.0) lib/puma/thread_pool.rb:133:in `block in spawn_thread'
Started GET "/users/" for 127.0.0.1 at 2019-02-05 13:54:59 -0800
Processing by UsersController#index as HTML
  Rendering users/index.html.erb within layouts/application
  Rendered users/index.html.erb within layouts/application (0.4ms)
Completed 200 OK in 34ms (Views: 23.7ms | ActiveRecord: 0.0ms)


Started GET "/users/new" for 127.0.0.1 at 2019-02-05 13:55:08 -0800
Processing by UsersController#new as HTML
  Rendering users/new.html.erb within layouts/application
  Rendered users/new.html.erb within layouts/application (0.7ms)
Completed 200 OK in 26ms (Views: 25.6ms | ActiveRecord: 0.0ms)


Started POST "/users" for 127.0.0.1 at 2019-02-05 14:01:55 -0800
Processing by UsersController#create as HTML
  Parameters: {"authenticity_token"=>"rAiusMgiq/GudnPR/esclMJS32WxMI+twCUn8EBWt4WG3h7haA1CjknJ1BEXwLQbdn63ccixLdiw1hNvuGafBg==", "user"=>{"username"=>"testuser", "password"=>"[FILTERED]"}}
Completed 500 Internal Server Error in 15ms (ActiveRecord: 8.2ms)



NameError - uninitialized constant User::BCrypt:
  app/models/user.rb:7:in `password='
  app/controllers/users_controller.rb:13:in `create'

Started POST "/__better_errors/5ea01b8fdcd7e10a/variables" for 127.0.0.1 at 2019-02-05 14:01:55 -0800
Started POST "/users" for 127.0.0.1 at 2019-02-05 14:02:40 -0800
Processing by UsersController#create as HTML
  Parameters: {"authenticity_token"=>"rAiusMgiq/GudnPR/esclMJS32WxMI+twCUn8EBWt4WG3h7haA1CjknJ1BEXwLQbdn63ccixLdiw1hNvuGafBg==", "user"=>{"username"=>"testuser", "password"=>"[FILTERED]"}}
Completed 500 Internal Server Error in 5ms (ActiveRecord: 0.0ms)



NameError - uninitialized constant User::BCrypt:
  app/models/user.rb:7:in `password='
  app/controllers/users_controller.rb:13:in `create'

Started POST "/__better_errors/9aa048f5b739e7e9/variables" for 127.0.0.1 at 2019-02-05 14:02:40 -0800
Started POST "/users" for 127.0.0.1 at 2019-02-05 14:04:03 -0800
Processing by UsersController#create as HTML
  Parameters: {"authenticity_token"=>"rAiusMgiq/GudnPR/esclMJS32WxMI+twCUn8EBWt4WG3h7haA1CjknJ1BEXwLQbdn63ccixLdiw1hNvuGafBg==", "user"=>{"username"=>"testuser", "password"=>"[FILTERED]"}}
Completed 500 Internal Server Error in 6ms (ActiveRecord: 0.0ms)



NameError - uninitialized constant User::BCrypt:
  app/models/user.rb:7:in `password='
  app/controllers/users_controller.rb:13:in `create'

Started POST "/__better_errors/2bfcc81759b069a9/variables" for 127.0.0.1 at 2019-02-05 14:04:03 -0800
Started POST "/__better_errors/2bfcc81759b069a9/eval" for 127.0.0.1 at 2019-02-05 14:05:35 -0800
Started POST "/__better_errors/2bfcc81759b069a9/eval" for 127.0.0.1 at 2019-02-05 14:05:44 -0800
Started POST "/__better_errors/2bfcc81759b069a9/eval" for 127.0.0.1 at 2019-02-05 14:05:53 -0800
Started POST "/__better_errors/2bfcc81759b069a9/eval" for 127.0.0.1 at 2019-02-05 14:06:05 -0800
Started POST "/users" for 127.0.0.1 at 2019-02-05 14:10:02 -0800
Processing by UsersController#create as HTML
  Parameters: {"authenticity_token"=>"rAiusMgiq/GudnPR/esclMJS32WxMI+twCUn8EBWt4WG3h7haA1CjknJ1BEXwLQbdn63ccixLdiw1hNvuGafBg==", "user"=>{"username"=>"testuser", "password"=>"[FILTERED]"}}
Completed 500 Internal Server Error in 4ms (ActiveRecord: 0.0ms)



NameError - uninitialized constant User::BCrypt:
  app/models/user.rb:7:in `password='
  app/controllers/users_controller.rb:13:in `create'

Started POST "/__better_errors/8e49b03c12c4bfd1/variables" for 127.0.0.1 at 2019-02-05 14:10:02 -0800
Started POST "/users" for 127.0.0.1 at 2019-02-05 14:10:42 -0800
Processing by UsersController#create as HTML
  Parameters: {"authenticity_token"=>"rAiusMgiq/GudnPR/esclMJS32WxMI+twCUn8EBWt4WG3h7haA1CjknJ1BEXwLQbdn63ccixLdiw1hNvuGafBg==", "user"=>{"username"=>"testuser", "password"=>"[FILTERED]"}}
Completed 500 Internal Server Error in 7ms (ActiveRecord: 0.0ms)



NameError - uninitialized constant User::BCrypt:
  app/models/user.rb:7:in `password='
  app/controllers/users_controller.rb:13:in `create'

Started POST "/__better_errors/18e9dfbae38511b3/variables" for 127.0.0.1 at 2019-02-05 14:10:42 -0800
Started POST "/users" for 127.0.0.1 at 2019-02-05 14:12:05 -0800
Processing by UsersController#create as HTML
  Parameters: {"authenticity_token"=>"rAiusMgiq/GudnPR/esclMJS32WxMI+twCUn8EBWt4WG3h7haA1CjknJ1BEXwLQbdn63ccixLdiw1hNvuGafBg==", "user"=>{"username"=>"testuser", "password"=>"[FILTERED]"}}
Completed 500 Internal Server Error in 3ms (ActiveRecord: 0.0ms)



LoadError - cannot load such file -- bcrypt:
  app/models/user.rb:2:in `<main>'
  app/controllers/users_controller.rb:13:in `create'

Started POST "/__better_errors/4705d9e9387a4038/variables" for 127.0.0.1 at 2019-02-05 14:12:05 -0800
Started POST "/users" for 127.0.0.1 at 2019-02-05 14:12:21 -0800
Processing by UsersController#create as HTML
  Parameters: {"authenticity_token"=>"rAiusMgiq/GudnPR/esclMJS32WxMI+twCUn8EBWt4WG3h7haA1CjknJ1BEXwLQbdn63ccixLdiw1hNvuGafBg==", "user"=>{"username"=>"testuser", "password"=>"[FILTERED]"}}
Completed 500 Internal Server Error in 18ms (ActiveRecord: 9.5ms)



NameError - uninitialized constant User::BCrypt:
  app/models/user.rb:10:in `password='
  app/controllers/users_controller.rb:13:in `create'

Started POST "/__better_errors/daf79883a62a14ef/variables" for 127.0.0.1 at 2019-02-05 14:12:21 -0800
Started POST "/__better_errors/daf79883a62a14ef/eval" for 127.0.0.1 at 2019-02-05 14:14:10 -0800
Started POST "/__better_errors/daf79883a62a14ef/eval" for 127.0.0.1 at 2019-02-05 14:14:19 -0800
Started POST "/users" for 127.0.0.1 at 2019-02-05 14:14:30 -0800
Processing by UsersController#create as HTML
  Parameters: {"authenticity_token"=>"rAiusMgiq/GudnPR/esclMJS32WxMI+twCUn8EBWt4WG3h7haA1CjknJ1BEXwLQbdn63ccixLdiw1hNvuGafBg==", "user"=>{"username"=>"testuser", "password"=>"[FILTERED]"}}
Completed 500 Internal Server Error in 7ms (ActiveRecord: 0.0ms)



NameError - uninitialized constant User::BCrypt:
  app/models/user.rb:10:in `password='
  app/controllers/users_controller.rb:13:in `create'

Started POST "/__better_errors/577a9553783a5688/variables" for 127.0.0.1 at 2019-02-05 14:14:30 -0800
Started POST "/users" for 127.0.0.1 at 2019-02-05 14:16:13 -0800
Processing by UsersController#create as HTML
  Parameters: {"authenticity_token"=>"rAiusMgiq/GudnPR/esclMJS32WxMI+twCUn8EBWt4WG3h7haA1CjknJ1BEXwLQbdn63ccixLdiw1hNvuGafBg==", "user"=>{"username"=>"testuser", "password"=>"[FILTERED]"}}
Completed 500 Internal Server Error in 18ms (ActiveRecord: 5.5ms)



NameError - uninitialized constant User::BCrypt:
  app/models/user.rb:11:in `password='
  app/controllers/users_controller.rb:13:in `create'

Started POST "/__better_errors/4d03dbdf1596ba4b/variables" for 127.0.0.1 at 2019-02-05 14:16:13 -0800
Started POST "/__better_errors/4d03dbdf1596ba4b/eval" for 127.0.0.1 at 2019-02-05 14:16:38 -0800
Started POST "/__better_errors/4d03dbdf1596ba4b/eval" for 127.0.0.1 at 2019-02-05 14:16:39 -0800
Started POST "/users" for 127.0.0.1 at 2019-02-05 14:16:58 -0800
Processing by UsersController#create as HTML
  Parameters: {"authenticity_token"=>"rAiusMgiq/GudnPR/esclMJS32WxMI+twCUn8EBWt4WG3h7haA1CjknJ1BEXwLQbdn63ccixLdiw1hNvuGafBg==", "user"=>{"username"=>"testuser", "password"=>"[FILTERED]"}}
  [1m[35m (0.2ms)[0m  [1m[35mBEGIN[0m
  ↳ app/controllers/users_controller.rb:15
  [1m[36mUser Create (1.2ms)[0m  [1m[32mINSERT INTO "users" ("username", "password_digest", "session_token") VALUES ($1, $2, $3) RETURNING "id"[0m  [["username", "testuser"], ["password_digest", "test"], ["session_token", "2pwUiamOofUlao4FB65P7Q"]]
  ↳ app/controllers/users_controller.rb:15
  [1m[35m (41.4ms)[0m  [1m[35mCOMMIT[0m
  ↳ app/controllers/users_controller.rb:15
Redirected to http://localhost:3000/subs
Completed 302 Found in 58ms (ActiveRecord: 47.6ms)


Started GET "/subs" for 127.0.0.1 at 2019-02-05 14:16:58 -0800
Processing by SubsController#index as HTML
Completed 500 Internal Server Error in 144ms (ActiveRecord: 0.0ms)



NoMethodError - undefined method `require_login' for #<SubsController:0x00007ff3070ff210>
Did you mean?  ensure_login:

Started POST "/__better_errors/889bb8ee13147bef/variables" for 127.0.0.1 at 2019-02-05 14:16:58 -0800
Started GET "/subs" for 127.0.0.1 at 2019-02-05 14:17:29 -0800
Processing by SubsController#index as HTML
Completed 500 Internal Server Error in 94ms (ActiveRecord: 0.0ms)



NoMethodError - undefined method `require_login' for #<SubsController:0x00007ff3039271a8>
Did you mean?  ensure_login:

Started POST "/__better_errors/36fa8b10b23e54f9/variables" for 127.0.0.1 at 2019-02-05 14:17:29 -0800
Started GET "/subs" for 127.0.0.1 at 2019-02-05 14:17:32 -0800
Processing by SubsController#index as HTML
Completed 500 Internal Server Error in 96ms (ActiveRecord: 0.0ms)



NoMethodError - undefined method `require_login' for #<SubsController:0x00007ff309a1e268>
Did you mean?  ensure_login:

Started POST "/__better_errors/75a364ab4bbc51e9/variables" for 127.0.0.1 at 2019-02-05 14:17:33 -0800
Started POST "/users" for 127.0.0.1 at 2019-02-05 14:17:36 -0800
Processing by UsersController#create as HTML
  Parameters: {"authenticity_token"=>"rAiusMgiq/GudnPR/esclMJS32WxMI+twCUn8EBWt4WG3h7haA1CjknJ1BEXwLQbdn63ccixLdiw1hNvuGafBg==", "user"=>{"username"=>"testuser", "password"=>"[FILTERED]"}}
Completed 500 Internal Server Error in 16ms (ActiveRecord: 5.3ms)



NameError - uninitialized constant User::BCrypt:
  app/models/user.rb:12:in `password='
  app/controllers/users_controller.rb:13:in `create'

Started POST "/__better_errors/3d94e09b9deabe95/variables" for 127.0.0.1 at 2019-02-05 14:17:36 -0800
Started POST "/__better_errors/3d94e09b9deabe95/eval" for 127.0.0.1 at 2019-02-05 14:17:42 -0800
Started POST "/users" for 127.0.0.1 at 2019-02-05 14:30:19 -0800
Processing by UsersController#create as HTML
  Parameters: {"authenticity_token"=>"rAiusMgiq/GudnPR/esclMJS32WxMI+twCUn8EBWt4WG3h7haA1CjknJ1BEXwLQbdn63ccixLdiw1hNvuGafBg==", "user"=>{"username"=>"testuser", "password"=>"[FILTERED]"}}
Completed 500 Internal Server Error in 5ms (ActiveRecord: 0.0ms)



NameError - uninitialized constant User::BCrypt:
  app/models/user.rb:12:in `password='
  app/controllers/users_controller.rb:13:in `create'

Started POST "/__better_errors/247a918302a1605c/variables" for 127.0.0.1 at 2019-02-05 14:30:20 -0800
Started POST "/users" for 127.0.0.1 at 2019-02-05 14:36:21 -0800
Processing by UsersController#create as HTML
  Parameters: {"authenticity_token"=>"rAiusMgiq/GudnPR/esclMJS32WxMI+twCUn8EBWt4WG3h7haA1CjknJ1BEXwLQbdn63ccixLdiw1hNvuGafBg==", "user"=>{"username"=>"testuser", "password"=>"[FILTERED]"}}
Completed 500 Internal Server Error in 6ms (ActiveRecord: 0.0ms)



NameError - uninitialized constant User::BCrypt:
  app/models/user.rb:12:in `password='
  app/controllers/users_controller.rb:13:in `create'

Started POST "/__better_errors/365bfbbc7f80ac72/variables" for 127.0.0.1 at 2019-02-05 14:36:21 -0800
Started POST "/users" for 127.0.0.1 at 2019-02-05 14:38:15 -0800
Processing by UsersController#create as HTML
  Parameters: {"authenticity_token"=>"rAiusMgiq/GudnPR/esclMJS32WxMI+twCUn8EBWt4WG3h7haA1CjknJ1BEXwLQbdn63ccixLdiw1hNvuGafBg==", "user"=>{"username"=>"testuser", "password"=>"[FILTERED]"}}
Completed 500 Internal Server Error in 20ms (ActiveRecord: 9.5ms)



NameError - uninitialized constant User::BCrypt:
  app/models/user.rb:14:in `password='
  app/controllers/users_controller.rb:13:in `create'

Started POST "/__better_errors/31e09e0448201329/variables" for 127.0.0.1 at 2019-02-05 14:38:16 -0800
Started POST "/users" for 127.0.0.1 at 2019-02-05 14:49:11 -0800
Processing by UsersController#create as HTML
  Parameters: {"authenticity_token"=>"rAiusMgiq/GudnPR/esclMJS32WxMI+twCUn8EBWt4WG3h7haA1CjknJ1BEXwLQbdn63ccixLdiw1hNvuGafBg==", "user"=>{"username"=>"testuser", "password"=>"[FILTERED]"}}
Completed 500 Internal Server Error in 5ms (ActiveRecord: 0.0ms)



NameError - uninitialized constant User::BCrypt:
  app/models/user.rb:14:in `password='
  app/controllers/users_controller.rb:13:in `create'

Started POST "/__better_errors/dc78a9070883e981/variables" for 127.0.0.1 at 2019-02-05 14:49:11 -0800
Started GET "/users" for 127.0.0.1 at 2019-02-05 14:50:32 -0800
Processing by UsersController#index as HTML
  Rendering users/index.html.erb within layouts/application
  Rendered users/index.html.erb within layouts/application (0.3ms)
Completed 200 OK in 26ms (Views: 22.8ms | ActiveRecord: 0.0ms)


Started GET "/users/new" for 127.0.0.1 at 2019-02-05 14:50:37 -0800
Processing by UsersController#new as HTML
  Rendering users/new.html.erb within layouts/application
  Rendered users/new.html.erb within layouts/application (0.7ms)
Completed 200 OK in 24ms (Views: 23.3ms | ActiveRecord: 0.0ms)


Started POST "/users" for 127.0.0.1 at 2019-02-05 14:51:40 -0800
Processing by UsersController#create as HTML
  Parameters: {"authenticity_token"=>"7zRzY9Won3iPLqsOhv3irVRNxNikyKQDBEPUPyJROIjF4sMydYd2B2iRDM5s1koi4GGszN1JBnZ0sOCg2mEQCw==", "user"=>{"username"=>"testuser", "password"=>"[FILTERED]"}}
Completed 500 Internal Server Error in 5ms (ActiveRecord: 0.0ms)



NameError - uninitialized constant User::BCrypt:
  app/models/user.rb:14:in `password='
  app/controllers/users_controller.rb:13:in `create'

Started POST "/__better_errors/9409be5bc603a918/variables" for 127.0.0.1 at 2019-02-05 14:51:40 -0800
Started POST "/__better_errors/9409be5bc603a918/eval" for 127.0.0.1 at 2019-02-05 14:52:18 -0800
Started POST "/__better_errors/9409be5bc603a918/eval" for 127.0.0.1 at 2019-02-05 14:52:30 -0800
Started POST "/__better_errors/9409be5bc603a918/eval" for 127.0.0.1 at 2019-02-05 14:52:41 -0800
Started POST "/users" for 127.0.0.1 at 2019-02-05 14:57:39 -0800
Processing by UsersController#create as HTML
  Parameters: {"authenticity_token"=>"7zRzY9Won3iPLqsOhv3irVRNxNikyKQDBEPUPyJROIjF4sMydYd2B2iRDM5s1koi4GGszN1JBnZ0sOCg2mEQCw==", "user"=>{"username"=>"testuser", "password"=>"[FILTERED]"}}
Completed 500 Internal Server Error in 16ms (ActiveRecord: 8.1ms)



NameError - uninitialized constant User::BCrypt:
  app/models/user.rb:14:in `password='
  app/controllers/users_controller.rb:13:in `create'

Started POST "/__better_errors/0ce0b2972596e7da/variables" for 127.0.0.1 at 2019-02-05 14:57:40 -0800
Started POST "/__better_errors/0ce0b2972596e7da/eval" for 127.0.0.1 at 2019-02-05 14:58:25 -0800
Started POST "/__better_errors/0ce0b2972596e7da/eval" for 127.0.0.1 at 2019-02-05 14:58:26 -0800
Started GET "/session/new" for 127.0.0.1 at 2019-02-05 15:01:15 -0800
Processing by SessionsController#new as HTML
  Rendering sessions/new.html.erb within layouts/application
  Rendered sessions/new.html.erb within layouts/application (1.3ms)
Completed 200 OK in 34ms (Views: 29.8ms | ActiveRecord: 0.0ms)


Started GET "/users/new" for 127.0.0.1 at 2019-02-05 15:01:16 -0800
Processing by UsersController#new as HTML
  Rendering users/new.html.erb within layouts/application
  Rendered users/new.html.erb within layouts/application (0.9ms)
Completed 200 OK in 42ms (Views: 41.3ms | ActiveRecord: 0.0ms)


Started GET "/session/new" for 127.0.0.1 at 2019-02-05 15:01:16 -0800
Processing by SessionsController#new as HTML
  Rendering sessions/new.html.erb within layouts/application
  Rendered sessions/new.html.erb within layouts/application (0.8ms)
Completed 200 OK in 42ms (Views: 37.7ms | ActiveRecord: 0.0ms)


Started GET "/users/new" for 127.0.0.1 at 2019-02-05 15:01:17 -0800
Processing by UsersController#new as HTML
  Rendering users/new.html.erb within layouts/application
  Rendered users/new.html.erb within layouts/application (0.8ms)
Completed 200 OK in 41ms (Views: 40.5ms | ActiveRecord: 0.0ms)


Started POST "/users" for 127.0.0.1 at 2019-02-05 15:01:28 -0800
Processing by UsersController#create as HTML
  Parameters: {"authenticity_token"=>"wRyJOa3VZ+268OzjQ0fFazqfaLbJIoXLjdvnKEnBrAHryjloDfqOkl1PSyOpbG3kjrMAorCjJ779KNO3sfGEgg==", "user"=>{"username"=>"grady", "password"=>"[FILTERED]"}}
Completed 500 Internal Server Error in 4ms (ActiveRecord: 0.0ms)



NameError - uninitialized constant User::BCrypt:
  app/models/user.rb:14:in `password='
  app/controllers/users_controller.rb:13:in `create'

Started POST "/__better_errors/277c3f3f934c32cd/variables" for 127.0.0.1 at 2019-02-05 15:01:28 -0800
Started POST "/__better_errors/277c3f3f934c32cd/eval" for 127.0.0.1 at 2019-02-05 15:26:30 -0800
Started POST "/__better_errors/277c3f3f934c32cd/eval" for 127.0.0.1 at 2019-02-05 15:26:36 -0800
Started POST "/__better_errors/277c3f3f934c32cd/eval" for 127.0.0.1 at 2019-02-05 15:26:46 -0800
Started GET "/subs" for 127.0.0.1 at 2019-02-05 15:31:36 -0800
Processing by SubsController#index as HTML
Completed 500 Internal Server Error in 84ms (ActiveRecord: 0.0ms)



NoMethodError - undefined method `require_login' for #<SubsController:0x00007ff30d44d358>
Did you mean?  ensure_login:

Started POST "/__better_errors/01fffd7730c5c896/variables" for 127.0.0.1 at 2019-02-05 15:31:36 -0800
Started GET "/subs" for 127.0.0.1 at 2019-02-05 15:33:00 -0800
Processing by SubsController#index as HTML
Completed 500 Internal Server Error in 1ms (ActiveRecord: 0.0ms)



LoadError - Unable to autoload constant Sub, expected /Users/grady/Desktop/reddit_clone/reddit/app/models/sub.rb to define it:
  app/controllers/subs_controller.rb:6:in `index'

Started POST "/__better_errors/e1019c7e4e405596/variables" for 127.0.0.1 at 2019-02-05 15:33:00 -0800
Started GET "/subs" for 127.0.0.1 at 2019-02-05 15:33:14 -0800
Processing by SubsController#index as HTML
Completed 500 Internal Server Error in 2ms (ActiveRecord: 0.0ms)



NoMethodError - undefined method `all' for Sub:Class:
  app/controllers/subs_controller.rb:6:in `index'

Started POST "/__better_errors/02c0b198badf863c/variables" for 127.0.0.1 at 2019-02-05 15:33:14 -0800
Started GET "/subs" for 127.0.0.1 at 2019-02-05 15:33:31 -0800
Processing by SubsController#index as HTML
  Rendering subs/index.html.erb within layouts/application
  Rendered subs/index.html.erb within layouts/application (0.3ms)
Completed 200 OK in 23ms (Views: 19.2ms | ActiveRecord: 0.0ms)


Started GET "/subs" for 127.0.0.1 at 2019-02-05 15:34:07 -0800
Processing by SubsController#index as HTML
  Rendering subs/index.html.erb within layouts/application
  Rendered subs/index.html.erb within layouts/application (0.3ms)
Completed 200 OK in 26ms (Views: 21.6ms | ActiveRecord: 0.0ms)


  [1m[35m (0.2ms)[0m  [1m[34mSELECT pg_try_advisory_lock(6223636644477694260)[0m
  ↳ bin/rails:9
  [1m[35m (0.9ms)[0m  [1m[34mSELECT "schema_migrations"."version" FROM "schema_migrations" ORDER BY "schema_migrations"."version" ASC[0m
  ↳ bin/rails:9
Migrating to CreateSubs (20190205233540)
  [1m[35m (0.2ms)[0m  [1m[35mBEGIN[0m
  ↳ bin/rails:9
  [1m[35m (38.0ms)[0m  [1m[35mCREATE TABLE "subs" ("id" bigserial primary key, "title" character varying NOT NULL, "description" text NOT NULL, "created_at" timestamp NOT NULL, "updated_at" timestamp NOT NULL)[0m
  ↳ db/migrate/20190205233540_create_subs.rb:3
  [1m[35m (1.2ms)[0m  [1m[35mCREATE UNIQUE INDEX  "index_subs_on_title" ON "subs"  ("title")[0m
  ↳ db/migrate/20190205233540_create_subs.rb:9
  [1m[36mActiveRecord::SchemaMigration Create (0.4ms)[0m  [1m[32mINSERT INTO "schema_migrations" ("version") VALUES ($1) RETURNING "version"[0m  [["version", "20190205233540"]]
  ↳ bin/rails:9
  [1m[35m (0.7ms)[0m  [1m[35mCOMMIT[0m
  ↳ bin/rails:9
Migrating to CreatePosts (20190205234006)
  [1m[35m (40.1ms)[0m  [1m[35mBEGIN[0m
  ↳ bin/rails:9
  [1m[35m (6.6ms)[0m  [1m[35mCREATE TABLE "posts" ("id" bigserial primary key, "title" character varying NOT NULL, "url" character varying, "content" text, "user_id" integer NOT NULL, "sub_id" integer NOT NULL)[0m
  ↳ db/migrate/20190205234006_create_posts.rb:3
  [1m[36mActiveRecord::SchemaMigration Create (0.3ms)[0m  [1m[32mINSERT INTO "schema_migrations" ("version") VALUES ($1) RETURNING "version"[0m  [["version", "20190205234006"]]
  ↳ bin/rails:9
  [1m[35m (0.4ms)[0m  [1m[35mCOMMIT[0m
  ↳ bin/rails:9
  [1m[36mActiveRecord::InternalMetadata Load (0.4ms)[0m  [1m[34mSELECT  "ar_internal_metadata".* FROM "ar_internal_metadata" WHERE "ar_internal_metadata"."key" = $1 LIMIT $2[0m  [["key", "environment"], ["LIMIT", 1]]
  ↳ bin/rails:9
  [1m[35m (0.2ms)[0m  [1m[35mBEGIN[0m
  ↳ bin/rails:9
  [1m[35m (0.2ms)[0m  [1m[35mCOMMIT[0m
  ↳ bin/rails:9
  [1m[35m (0.4ms)[0m  [1m[34mSELECT pg_advisory_unlock(6223636644477694260)[0m
  ↳ bin/rails:9
  [1m[35m (0.3ms)[0m  [1m[34mSELECT "schema_migrations"."version" FROM "schema_migrations" ORDER BY "schema_migrations"."version" ASC[0m
  ↳ bin/rails:9
Started GET "/subs" for 127.0.0.1 at 2019-02-05 15:44:50 -0800
  [1m[35m (0.8ms)[0m  [1m[34mSELECT "schema_migrations"."version" FROM "schema_migrations" ORDER BY "schema_migrations"."version" ASC[0m
  ↳ /Users/grady/.rbenv/versions/2.5.1/lib/ruby/gems/2.5.0/gems/activerecord-5.2.2/lib/active_record/log_subscriber.rb:98

SyntaxError - syntax error, unexpected end-of-input, expecting keyword_end:
  app/controllers/subs_controller.rb:11:in `'

Started POST "/__better_errors/bf020e5bfe24d76c/variables" for 127.0.0.1 at 2019-02-05 15:44:50 -0800
Started GET "/subs" for 127.0.0.1 at 2019-02-05 15:44:56 -0800

SyntaxError - syntax error, unexpected end-of-input, expecting keyword_end:
  app/controllers/subs_controller.rb:11:in `'

Started POST "/__better_errors/123061051bf92139/variables" for 127.0.0.1 at 2019-02-05 15:44:56 -0800
Started GET "/subs" for 127.0.0.1 at 2019-02-05 15:44:57 -0800

SyntaxError - syntax error, unexpected end-of-input, expecting keyword_end:
  app/controllers/subs_controller.rb:11:in `'

Started POST "/__better_errors/f500270ca2b5222e/variables" for 127.0.0.1 at 2019-02-05 15:44:57 -0800
Started GET "/subs" for 127.0.0.1 at 2019-02-05 15:45:04 -0800
Processing by SubsController#index as HTML
  Rendering subs/index.html.erb within layouts/application
  Rendered subs/index.html.erb within layouts/application (0.3ms)
Completed 200 OK in 30ms (Views: 21.2ms | ActiveRecord: 0.0ms)


  [1m[35m (0.2ms)[0m  [1m[34mSELECT pg_try_advisory_lock(6223636644477694260)[0m
  ↳ bin/rails:9
  [1m[35m (0.6ms)[0m  [1m[34mSELECT "schema_migrations"."version" FROM "schema_migrations" ORDER BY "schema_migrations"."version" ASC[0m
  ↳ bin/rails:9
  [1m[36mActiveRecord::InternalMetadata Load (0.3ms)[0m  [1m[34mSELECT  "ar_internal_metadata".* FROM "ar_internal_metadata" WHERE "ar_internal_metadata"."key" = $1 LIMIT $2[0m  [["key", "environment"], ["LIMIT", 1]]
  ↳ bin/rails:9
  [1m[35m (0.1ms)[0m  [1m[35mBEGIN[0m
  ↳ bin/rails:9
  [1m[35m (0.1ms)[0m  [1m[35mCOMMIT[0m
  ↳ bin/rails:9
  [1m[35m (0.2ms)[0m  [1m[34mSELECT pg_advisory_unlock(6223636644477694260)[0m
  ↳ bin/rails:9
  [1m[35m (0.2ms)[0m  [1m[34mSELECT "schema_migrations"."version" FROM "schema_migrations" ORDER BY "schema_migrations"."version" ASC[0m
  ↳ bin/rails:9
Started GET "/subs" for 127.0.0.1 at 2019-02-05 15:49:37 -0800
Processing by SubsController#index as HTML
  Rendering subs/index.html.erb within layouts/application
  Rendered subs/index.html.erb within layouts/application (0.3ms)
Completed 200 OK in 23ms (Views: 18.9ms | ActiveRecord: 0.0ms)


Started GET "/subs" for 127.0.0.1 at 2019-02-05 15:50:18 -0800
Processing by SubsController#index as HTML
  Rendering subs/index.html.erb within layouts/application
  Rendered subs/index.html.erb within layouts/application (0.3ms)
Completed 200 OK in 32ms (Views: 26.6ms | ActiveRecord: 0.0ms)


Started GET "/subs" for 127.0.0.1 at 2019-02-05 15:51:23 -0800
Processing by SubsController#index as HTML
  Rendering subs/index.html.erb within layouts/application
  Rendered subs/index.html.erb within layouts/application (0.3ms)
Completed 200 OK in 23ms (Views: 19.8ms | ActiveRecord: 0.0ms)


Started GET "/subs" for 127.0.0.1 at 2019-02-05 15:55:27 -0800
Processing by SubsController#index as HTML
  Rendering subs/index.html.erb within layouts/application
  Rendered subs/index.html.erb within layouts/application (0.5ms)
Completed 200 OK in 23ms (Views: 19.6ms | ActiveRecord: 0.0ms)


Started GET "/subs" for 127.0.0.1 at 2019-02-05 15:55:29 -0800
Processing by SubsController#index as HTML
  Rendering subs/index.html.erb within layouts/application
  Rendered subs/index.html.erb within layouts/application (0.3ms)
Completed 200 OK in 23ms (Views: 19.9ms | ActiveRecord: 0.0ms)


